<?xml version="1.0" encoding="utf-8"?><testsuites name="pytest tests"><testsuite name="pytest" errors="0" failures="0" skipped="1" tests="16" time="141.458" timestamp="2026-04-14T08:57:37.859075+00:00" hostname="agent-env-4c9d62b7-bcea-48b5-9a58-0e173888c94c"><testcase classname="tests.test_lawyer_helper_api.TestHealthCheck" name="test_health_endpoint" time="0.011" /><testcase classname="tests.test_lawyer_helper_api.TestAuthentication" name="test_register_common_user" time="0.915" /><testcase classname="tests.test_lawyer_helper_api.TestAuthentication" name="test_login_user" time="1.139" /><testcase classname="tests.test_lawyer_helper_api.TestAuthentication" name="test_login_invalid_credentials" time="0.008" /><testcase classname="tests.test_lawyer_helper_api.TestCaseAnalysis" name="test_case_analysis" time="21.652" /><testcase classname="tests.test_lawyer_helper_api.TestCaseAnalysis" name="test_case_history" time="0.599" /><testcase classname="tests.test_lawyer_helper_api.TestCaseAnalysis" name="test_case_detail_endpoint" time="0.013" /><testcase classname="tests.test_lawyer_helper_api.TestCaseAnalysis" name="test_case_followup_endpoint" time="30.882" /><testcase classname="tests.test_lawyer_helper_api.TestCaseAnalysis" name="test_analyze_document_endpoint" time="11.739" /><testcase classname="tests.test_lawyer_helper_api.TestContractAnalysis" name="test_contract_analysis_text" time="10.574" /><testcase classname="tests.test_lawyer_helper_api.TestContractAnalysis" name="test_contract_history" time="1.014" /><testcase classname="tests.test_lawyer_helper_api.TestLegalProcedure" name="test_get_procedure_civil" time="60.067"><skipped type="pytest.skip" message="Request timeout">/app/backend/tests/test_lawyer_helper_api.py:589: Request timeout</skipped></testcase><testcase classname="tests.test_lawyer_helper_api.TestLawyerSearch" name="test_register_lawyer" time="1.440" /><testcase classname="tests.test_lawyer_helper_api.TestLawyerSearch" name="test_search_lawyers_no_filter" time="0.009" /><testcase classname="tests.test_lawyer_helper_api.TestLawyerSearch" name="test_search_lawyers_with_specialization" time="0.013" /><testcase classname="tests.test_lawyer_helper_api.TestLawyerSearch" name="test_get_lawyer_profile" time="0.549" /></testsuite></testsuites>