<?xml version="1.0" encoding="utf-8"?><testsuites name="pytest tests"><testsuite name="pytest" errors="0" failures="0" skipped="0" tests="13" time="73.752" timestamp="2026-04-13T17:54:25.942636+00:00" hostname="agent-env-4c9d62b7-bcea-48b5-9a58-0e173888c94c"><testcase classname="tests.test_lawyer_helper_api.TestHealthCheck" name="test_health_endpoint" time="6.226" /><testcase classname="tests.test_lawyer_helper_api.TestAuthentication" name="test_register_common_user" time="0.484" /><testcase classname="tests.test_lawyer_helper_api.TestAuthentication" name="test_login_user" time="1.188" /><testcase classname="tests.test_lawyer_helper_api.TestAuthentication" name="test_login_invalid_credentials" time="0.012" /><testcase classname="tests.test_lawyer_helper_api.TestCaseAnalysis" name="test_case_analysis" time="20.786" /><testcase classname="tests.test_lawyer_helper_api.TestCaseAnalysis" name="test_case_history" time="1.896" /><testcase classname="tests.test_lawyer_helper_api.TestContractAnalysis" name="test_contract_analysis_text" time="13.091" /><testcase classname="tests.test_lawyer_helper_api.TestContractAnalysis" name="test_contract_history" time="0.808" /><testcase classname="tests.test_lawyer_helper_api.TestLegalProcedure" name="test_get_procedure_civil" time="26.201" /><testcase classname="tests.test_lawyer_helper_api.TestLawyerSearch" name="test_register_lawyer" time="1.011" /><testcase classname="tests.test_lawyer_helper_api.TestLawyerSearch" name="test_search_lawyers_no_filter" time="0.086" /><testcase classname="tests.test_lawyer_helper_api.TestLawyerSearch" name="test_search_lawyers_with_specialization" time="0.015" /><testcase classname="tests.test_lawyer_helper_api.TestLawyerSearch" name="test_get_lawyer_profile" time="1.063" /></testsuite></testsuites>